<?xml version="1.0" encoding="UTF-8"?>
<!-- Generated by org.testng.reporters.JUnitReportReporter -->
<testsuite hostname="Pcasa" failures="0" tests="1" name="edit.CeducacionIT21092022.laboratorio12" time="0.227" errors="0" timestamp="2022-10-21T20:20:46 ART" skipped="0">
  <testcase classname="edit.CeducacionIT21092022.laboratorio12" name="testBaseDeDatos" time="0.227"/>
  <system-out/>
</testsuite> <!-- edit.CeducacionIT21092022.laboratorio12 -->
