<?xml version="1.0" encoding="UTF-8"?>
<!-- Generated by org.testng.reporters.JUnitReportReporter -->
<testsuite hostname="Pcasa" failures="0" tests="1" name="edit.CeducacionIT21092022.laboratorio14" time="0.006" errors="0" timestamp="2022-10-21T20:56:53 ART" skipped="0">
  <testcase classname="edit.CeducacionIT21092022.laboratorio14" name="test" time="0.006"/>
  <system-out/>
</testsuite> <!-- edit.CeducacionIT21092022.laboratorio14 -->
