<?xml version="1.0" encoding="UTF-8"?>
<!-- Generated by org.testng.reporters.JUnitReportReporter -->
<testsuite hostname="Pcasa" failures="0" tests="1" name="edit.CeducacionIT21092022.laboratorio13" time="0.064" errors="0" timestamp="2022-10-21T20:44:59 ART" skipped="0">
  <testcase classname="edit.CeducacionIT21092022.laboratorio13" name="imprimirValoresTabla" time="0.064"/>
  <system-out/>
</testsuite> <!-- edit.CeducacionIT21092022.laboratorio13 -->
