<?xml version="1.0" encoding="UTF-8"?>
<!-- Generated by org.testng.reporters.JUnitReportReporter -->
<testsuite hostname="Pcasa" failures="0" tests="1" name="edit.CeducacionIT21092022.lab_mod2Desafio" time="12.729" errors="0" timestamp="2022-10-21T19:52:54 ART" skipped="0">
  <testcase classname="edit.CeducacionIT21092022.lab_mod2Desafio" name="login" time="12.729"/>
  <system-out/>
</testsuite> <!-- edit.CeducacionIT21092022.lab_mod2Desafio -->
